<?xml version="1.0" encoding="UTF-8"?>
<testng-results ignored="0" total="3" passed="3" failed="0" skipped="0">
  <reporter-output>
  </reporter-output>
  <suite started-at="2025-01-12T00:05:46 IST" name="Default suite" finished-at="2025-01-12T00:05:46 IST" duration-ms="30">
    <groups>
    </groups>
    <test started-at="2025-01-12T00:05:46 IST" name="Default test" finished-at="2025-01-12T00:05:46 IST" duration-ms="30">
      <class name="Day1">
        <test-method is-config="true" signature="before()[pri:0, instance:Day1@8462f31]" started-at="2025-01-12T00:05:46 IST" name="before" finished-at="2025-01-12T00:05:46 IST" duration-ms="7" status="PASS">
          <reporter-output>
          </reporter-output>
        </test-method> <!-- before -->
        <test-method is-config="true" signature="beforeClass()[pri:0, instance:Day1@8462f31]" started-at="2025-01-12T00:05:46 IST" name="beforeClass" finished-at="2025-01-12T00:05:46 IST" duration-ms="0" status="PASS">
          <reporter-output>
          </reporter-output>
        </test-method> <!-- beforeClass -->
        <test-method signature="demo()[pri:0, instance:Day1@8462f31]" started-at="2025-01-12T00:05:46 IST" name="demo" finished-at="2025-01-12T00:05:46 IST" duration-ms="2" status="PASS">
          <reporter-output>
          </reporter-output>
        </test-method> <!-- demo -->
        <test-method is-config="true" signature="beforeMethod()[pri:0, instance:Day1@8462f31]" started-at="2025-01-12T00:05:46 IST" name="beforeMethod" finished-at="2025-01-12T00:05:46 IST" duration-ms="0" status="PASS">
          <reporter-output>
          </reporter-output>
        </test-method> <!-- beforeMethod -->
        <test-method signature="demo2()[pri:0, instance:Day1@8462f31]" started-at="2025-01-12T00:05:46 IST" name="demo2" finished-at="2025-01-12T00:05:46 IST" duration-ms="1" status="PASS">
          <reporter-output>
          </reporter-output>
        </test-method> <!-- demo2 -->
        <test-method is-config="true" signature="beforeMethod()[pri:0, instance:Day1@8462f31]" started-at="2025-01-12T00:05:46 IST" name="beforeMethod" finished-at="2025-01-12T00:05:46 IST" duration-ms="0" status="PASS">
          <reporter-output>
          </reporter-output>
        </test-method> <!-- beforeMethod -->
        <test-method signature="demo3()[pri:0, instance:Day1@8462f31]" started-at="2025-01-12T00:05:46 IST" name="demo3" finished-at="2025-01-12T00:05:46 IST" duration-ms="1" status="PASS">
          <reporter-output>
          </reporter-output>
        </test-method> <!-- demo3 -->
        <test-method is-config="true" signature="beforeMethod()[pri:0, instance:Day1@8462f31]" started-at="2025-01-12T00:05:46 IST" name="beforeMethod" finished-at="2025-01-12T00:05:46 IST" duration-ms="0" status="PASS">
          <reporter-output>
          </reporter-output>
        </test-method> <!-- beforeMethod -->
      </class> <!-- Day1 -->
    </test> <!-- Default test -->
  </suite> <!-- Default suite -->
</testng-results>
